TN:
SF:src/modules/establishment/services/CreateEstablishmentService.ts
FN:15,(anonymous_24)
FN:20,CreateEstablishmentService
FN:28,(anonymous_26)
FN:48,(anonymous_29)
FNF:4
FNH:0
FNDA:0,(anonymous_24)
FNDA:0,CreateEstablishmentService
FNDA:0,(anonymous_26)
FNDA:0,(anonymous_29)
DA:1,0
DA:2,0
DA:3,0
DA:15,0
DA:22,0
DA:25,0
DA:28,0
DA:29,0
DA:33,0
DA:42,0
DA:49,0
DA:52,0
DA:54,0
DA:61,0
DA:63,0
LF:15
LH:0
BRF:0
BRH:0
end_of_record
TN:
SF:src/modules/establishment/services/CreateShopService.ts
FN:11,(anonymous_24)
FN:16,CreateShopService
FN:27,(anonymous_26)
FN:83,(anonymous_29)
FNF:4
FNH:0
FNDA:0,(anonymous_24)
FNDA:0,CreateShopService
FNDA:0,(anonymous_26)
FNDA:0,(anonymous_29)
DA:1,0
DA:2,0
DA:3,0
DA:11,0
DA:18,0
DA:21,0
DA:24,0
DA:27,0
DA:28,0
DA:29,0
DA:30,0
DA:31,0
DA:32,0
DA:33,0
DA:34,0
DA:35,0
DA:36,0
DA:37,0
DA:38,0
DA:39,0
DA:40,0
DA:41,0
DA:42,0
DA:43,0
DA:44,0
DA:46,0
DA:66,0
DA:75,0
DA:84,0
DA:87,0
DA:88,0
DA:89,0
DA:92,0
DA:95,0
DA:96,0
DA:99,0
DA:101,0
DA:103,0
LF:38
LH:0
BRDA:88,0,0,0
BRDA:88,0,1,0
BRDA:95,1,0,0
BRDA:95,1,1,0
BRF:4
BRH:0
end_of_record
TN:
SF:src/modules/establishment/services/ListEstablishmentByIDService.ts
FN:6,(anonymous_17)
FN:11,ListEstablishmentByIDService
FN:16,(anonymous_19)
FNF:3
FNH:0
FNDA:0,(anonymous_17)
FNDA:0,ListEstablishmentByIDService
FNDA:0,(anonymous_19)
DA:1,0
DA:6,0
DA:13,0
DA:16,0
DA:17,0
DA:19,0
DA:21,0
DA:23,0
LF:8
LH:0
BRDA:17,0,0,0
BRF:1
BRH:0
end_of_record
TN:
SF:src/modules/establishment/services/ListEstablishmentsByAccountIDService.ts
FN:6,(anonymous_17)
FN:11,ListEstablishmentByAccountIDService
FN:16,(anonymous_19)
FNF:3
FNH:0
FNDA:0,(anonymous_17)
FNDA:0,ListEstablishmentByAccountIDService
FNDA:0,(anonymous_19)
DA:1,0
DA:6,0
DA:13,0
DA:16,0
DA:17,0
DA:21,0
DA:23,0
DA:25,0
LF:8
LH:0
BRDA:17,0,0,0
BRF:1
BRH:0
end_of_record
TN:
SF:src/modules/establishment/services/ListShopByIDService.ts
FN:7,(anonymous_17)
FN:12,ListShopByIDService
FN:17,(anonymous_19)
FNF:3
FNH:0
FNDA:0,(anonymous_17)
FNDA:0,ListShopByIDService
FNDA:0,(anonymous_19)
DA:2,0
DA:7,0
DA:14,0
DA:17,0
DA:18,0
DA:20,0
DA:22,0
DA:24,0
LF:8
LH:0
BRDA:18,0,0,0
BRF:1
BRH:0
end_of_record
TN:
SF:src/modules/establishment/services/ListShopsByAccountIDService.ts
FN:7,(anonymous_17)
FN:12,ListShopByAccountIDService
FN:17,(anonymous_19)
FNF:3
FNH:0
FNDA:0,(anonymous_17)
FNDA:0,ListShopByAccountIDService
FNDA:0,(anonymous_19)
DA:2,0
DA:7,0
DA:14,0
DA:17,0
DA:18,0
DA:20,0
DA:22,0
DA:24,0
LF:8
LH:0
BRDA:18,0,0,0
BRF:1
BRH:0
end_of_record
TN:
SF:src/modules/piece/services/CreatePieceService.ts
FN:8,(anonymous_18)
FN:9,CreateBrandService
FN:16,(anonymous_20)
FNF:3
FNH:0
FNDA:0,(anonymous_18)
FNDA:0,CreateBrandService
FNDA:0,(anonymous_20)
DA:1,0
DA:3,0
DA:8,0
DA:10,0
DA:13,0
DA:16,0
DA:20,0
DA:21,0
DA:24,0
DA:26,0
DA:32,0
DA:34,0
LF:12
LH:0
BRDA:20,0,0,0
BRDA:20,0,1,0
BRF:2
BRH:0
end_of_record
TN:
SF:src/modules/piece/services/DeletePieceService.ts
FN:7,(anonymous_18)
FN:8,DeleteBrandService
FN:15,(anonymous_20)
FNF:3
FNH:0
FNDA:0,(anonymous_18)
FNDA:0,DeleteBrandService
FNDA:0,(anonymous_20)
DA:1,0
DA:3,0
DA:7,0
DA:9,0
DA:12,0
DA:15,0
DA:16,0
DA:17,0
DA:19,0
DA:20,0
DA:23,0
DA:25,0
LF:12
LH:0
BRDA:16,0,0,0
BRDA:19,1,0,0
BRDA:19,1,1,0
BRF:3
BRH:0
end_of_record
TN:
SF:src/modules/piece/services/ListPieceByIDService.ts
FN:7,(anonymous_18)
FN:8,ListBrandByIDService
FN:15,(anonymous_20)
FNF:3
FNH:0
FNDA:0,(anonymous_18)
FNDA:0,ListBrandByIDService
FNDA:0,(anonymous_20)
DA:1,0
DA:3,0
DA:7,0
DA:9,0
DA:12,0
DA:15,0
DA:16,0
DA:18,0
DA:21,0
DA:22,0
DA:25,0
DA:27,0
LF:12
LH:0
BRDA:16,0,0,0
BRDA:21,1,0,0
BRDA:21,1,1,0
BRF:3
BRH:0
end_of_record
TN:
SF:src/modules/piece/services/ListPieceService.ts
FN:9,(anonymous_18)
FN:10,ListBrandService
FN:17,(anonymous_20)
FNF:3
FNH:0
FNDA:0,(anonymous_18)
FNDA:0,ListBrandService
FNDA:0,(anonymous_20)
DA:1,0
DA:5,0
DA:9,0
DA:11,0
DA:14,0
DA:17,0
DA:21,0
DA:25,0
DA:27,0
DA:36,0
DA:38,0
LF:11
LH:0
BRDA:25,0,0,0
BRF:1
BRH:0
end_of_record
TN:
SF:src/modules/piece/services/UpdatePieceService.ts
FN:8,(anonymous_18)
FN:9,ListBrandService
FN:16,(anonymous_20)
FNF:3
FNH:0
FNDA:0,(anonymous_18)
FNDA:0,ListBrandService
FNDA:0,(anonymous_20)
DA:1,0
DA:4,0
DA:8,0
DA:10,0
DA:13,0
DA:16,0
DA:21,0
DA:22,0
DA:24,0
DA:25,0
DA:28,0
DA:29,0
DA:31,0
DA:33,0
LF:14
LH:0
BRDA:21,0,0,0
BRDA:24,1,0,0
BRDA:24,1,1,0
BRF:3
BRH:0
end_of_record
TN:
SF:src/modules/piece/services/brand/CreateBrandService.ts
FN:8,(anonymous_18)
FN:9,CreateBrandService
FN:16,(anonymous_20)
FNF:3
FNH:0
FNDA:0,(anonymous_18)
FNDA:0,CreateBrandService
FNDA:0,(anonymous_20)
DA:1,0
DA:3,0
DA:8,0
DA:10,0
DA:13,0
DA:16,0
DA:20,0
DA:21,0
DA:24,0
DA:26,0
DA:32,0
DA:34,0
LF:12
LH:0
BRDA:20,0,0,0
BRDA:20,0,1,0
BRF:2
BRH:0
end_of_record
TN:
SF:src/modules/piece/services/brand/DeleteBrandService.ts
FN:7,(anonymous_18)
FN:8,DeleteBrandService
FN:15,(anonymous_20)
FNF:3
FNH:0
FNDA:0,(anonymous_18)
FNDA:0,DeleteBrandService
FNDA:0,(anonymous_20)
DA:1,0
DA:3,0
DA:7,0
DA:9,0
DA:12,0
DA:15,0
DA:16,0
DA:17,0
DA:19,0
DA:20,0
DA:23,0
DA:25,0
LF:12
LH:0
BRDA:16,0,0,0
BRDA:19,1,0,0
BRDA:19,1,1,0
BRF:3
BRH:0
end_of_record
TN:
SF:src/modules/piece/services/brand/ListBrandByIDService.ts
FN:7,(anonymous_18)
FN:8,ListBrandByIDService
FN:15,(anonymous_20)
FNF:3
FNH:0
FNDA:0,(anonymous_18)
FNDA:0,ListBrandByIDService
FNDA:0,(anonymous_20)
DA:1,0
DA:3,0
DA:7,0
DA:9,0
DA:12,0
DA:15,0
DA:16,0
DA:18,0
DA:21,0
DA:22,0
DA:25,0
DA:27,0
LF:12
LH:0
BRDA:16,0,0,0
BRDA:21,1,0,0
BRDA:21,1,1,0
BRF:3
BRH:0
end_of_record
TN:
SF:src/modules/piece/services/brand/ListBrandService.ts
FN:9,(anonymous_18)
FN:10,ListBrandService
FN:17,(anonymous_20)
FNF:3
FNH:0
FNDA:0,(anonymous_18)
FNDA:0,ListBrandService
FNDA:0,(anonymous_20)
DA:1,0
DA:5,0
DA:9,0
DA:11,0
DA:14,0
DA:17,0
DA:21,0
DA:25,0
DA:27,0
DA:36,0
DA:38,0
LF:11
LH:0
BRDA:25,0,0,0
BRF:1
BRH:0
end_of_record
TN:
SF:src/modules/piece/services/brand/UpdateBrandService.ts
FN:8,(anonymous_18)
FN:9,ListBrandService
FN:16,(anonymous_20)
FNF:3
FNH:0
FNDA:0,(anonymous_18)
FNDA:0,ListBrandService
FNDA:0,(anonymous_20)
DA:1,0
DA:4,0
DA:8,0
DA:10,0
DA:13,0
DA:16,0
DA:21,0
DA:22,0
DA:24,0
DA:25,0
DA:28,0
DA:29,0
DA:31,0
DA:33,0
LF:14
LH:0
BRDA:21,0,0,0
BRDA:24,1,0,0
BRDA:24,1,1,0
BRF:3
BRH:0
end_of_record
TN:
SF:src/modules/users/services/AuthenticateUserService.ts
FN:20,(anonymous_18)
FN:21,AuthenticateUserService
FN:28,(anonymous_20)
FNF:3
FNH:0
FNDA:0,(anonymous_18)
FNDA:0,AuthenticateUserService
FNDA:0,(anonymous_20)
DA:1,0
DA:2,0
DA:3,0
DA:4,0
DA:20,0
DA:23,0
DA:25,0
DA:28,0
DA:29,0
DA:31,0
DA:32,0
DA:40,0
DA:41,0
DA:44,0
DA:46,0
DA:51,0
DA:56,0
DA:58,0
LF:18
LH:0
BRDA:29,0,0,0
BRDA:31,1,0,0
BRDA:31,1,1,0
BRDA:40,2,0,0
BRDA:40,2,1,0
BRF:5
BRH:0
end_of_record
TN:
SF:src/modules/users/services/CreateAccountService.ts
FN:18,(anonymous_24)
FN:23,CreateUserService
FN:31,(anonymous_26)
FN:39,(anonymous_29)
FN:42,(anonymous_30)
FN:54,(anonymous_31)
FNF:6
FNH:0
FNDA:0,(anonymous_24)
FNDA:0,CreateUserService
FNDA:0,(anonymous_26)
FNDA:0,(anonymous_29)
FNDA:0,(anonymous_30)
FNDA:0,(anonymous_31)
DA:2,0
DA:3,0
DA:4,0
DA:18,0
DA:25,0
DA:28,0
DA:31,0
DA:32,0
DA:33,0
DA:34,0
DA:37,0
DA:40,0
DA:43,0
DA:48,0
DA:55,0
DA:59,0
DA:66,0
DA:76,0
DA:78,0
DA:80,0
LF:20
LH:0
BRDA:60,0,0,0
BRDA:60,0,1,0
BRDA:61,1,0,0
BRDA:61,1,1,0
BRF:4
BRH:0
end_of_record
TN:
SF:src/modules/users/services/CreateUserService.ts
FN:15,(anonymous_24)
FN:20,CreateUserService
FN:34,(anonymous_26)
FN:69,(anonymous_29)
FN:75,(anonymous_30)
FNF:5
FNH:0
FNDA:0,(anonymous_24)
FNDA:0,CreateUserService
FNDA:0,(anonymous_26)
FNDA:0,(anonymous_29)
FNDA:0,(anonymous_30)
DA:2,0
DA:3,0
DA:4,0
DA:15,0
DA:22,0
DA:25,0
DA:28,0
DA:31,0
DA:34,0
DA:35,0
DA:36,0
DA:37,0
DA:38,0
DA:39,0
DA:40,0
DA:41,0
DA:42,0
DA:43,0
DA:44,0
DA:46,0
DA:60,0
DA:70,0
DA:75,0
DA:76,0
DA:80,0
DA:81,0
DA:82,0
DA:86,0
DA:89,0
DA:90,0
DA:94,0
DA:95,0
DA:96,0
DA:100,0
DA:102,0
DA:104,0
DA:106,0
LF:37
LH:0
BRDA:81,0,0,0
BRDA:81,0,1,0
BRDA:87,1,0,0
BRDA:87,1,1,0
BRDA:89,2,0,0
BRDA:89,2,1,0
BRDA:94,3,0,0
BRDA:94,3,1,0
BRDA:95,4,0,0
BRDA:95,4,1,0
BRF:10
BRH:0
end_of_record
TN:
SF:src/modules/users/services/ListAccountByIDService.ts
FN:6,(anonymous_17)
FN:7,ListAccountByIDService
FN:12,(anonymous_19)
FNF:3
FNH:0
FNDA:0,(anonymous_17)
FNDA:0,ListAccountByIDService
FNDA:0,(anonymous_19)
DA:1,0
DA:6,0
DA:9,0
DA:12,0
DA:13,0
DA:14,0
DA:16,0
LF:7
LH:0
BRDA:13,0,0,0
BRF:1
BRH:0
end_of_record
